2024-03-08 00:02:04.621 [http-nio-8080-exec-9] INFO 
				jdbc.resultsettable - 
|----------|
|member_id |
|----------|
|----------|

2024-03-08 00:06:37.230 [http-nio-8080-exec-1] INFO 
				jdbc.resultsettable - 
|----------|
|member_id |
|----------|
|----------|

2024-03-08 00:07:21.929 [http-nio-8080-exec-8] INFO 
				jdbc.resultsettable - 
|-------------------------------------------------------------|----------|
|passwd                                                       |active_yn |
|-------------------------------------------------------------|----------|
|$2a$10$uCdHCSg5mjnelB3LDe5TH.x9l.2jJUK/wPc2wJH2oeEm1JzetWI9C |y         |
|-------------------------------------------------------------|----------|

2024-03-08 00:09:59.763 [http-nio-8080-exec-5] INFO 
				jdbc.resultsettable - 
|----------|-------------------------------------------------------------|----------------------|-----------------------------------------|----------|----|-----------|------------|----------|----------------------|------------|--------|-------------|--------------|---------------|--------------|----------|------------|-----------|
|member_id |passwd                                                       |profile_original_name |profile_uuid                             |member_nm |sex |birth_at   |hp          |smssts_yn |email                 |emailsts_yn |zipcode |road_address |jibun_address |namuji_address |etc           |active_yn |inactive_at |join_at    |
|----------|-------------------------------------------------------------|----------------------|-----------------------------------------|----------|----|-----------|------------|----------|----------------------|------------|--------|-------------|--------------|---------------|--------------|----------|------------|-----------|
|admin1234 |$2a$10$uCdHCSg5mjnelB3LDe5TH.x9l.2jJUK/wPc2wJH2oeEm1JzetWI9C |boardDetail.htm       |ba7721aa-7096-4094-8111-7fc9f9651644.htm |관리자       |m   |2024-03-09 |01011112222 |y         |tkdgml0719@icloud.com |y           |14346   |1            |1             |1              |<p>1234</p>
 |y         |null        |2024-03-08 |
|----------|-------------------------------------------------------------|----------------------|-----------------------------------------|----------|----|-----------|------------|----------|----------------------|------------|--------|-------------|--------------|---------------|--------------|----------|------------|-----------|

2024-03-08 00:10:06.018 [http-nio-8080-exec-1] INFO 
				jdbc.resultsettable - 
|-------------------------------------------------------------|----------|
|passwd                                                       |active_yn |
|-------------------------------------------------------------|----------|
|$2a$10$uCdHCSg5mjnelB3LDe5TH.x9l.2jJUK/wPc2wJH2oeEm1JzetWI9C |y         |
|-------------------------------------------------------------|----------|

2024-03-08 00:10:08.412 [http-nio-8080-exec-4] INFO 
				jdbc.resultsettable - 
|----------|-------------------------------------------------------------|----------------------|-----------------------------------------|----------|----|-----------|------------|----------|----------------------|------------|--------|-------------|--------------|---------------|--------------|----------|------------|-----------|
|member_id |passwd                                                       |profile_original_name |profile_uuid                             |member_nm |sex |birth_at   |hp          |smssts_yn |email                 |emailsts_yn |zipcode |road_address |jibun_address |namuji_address |etc           |active_yn |inactive_at |join_at    |
|----------|-------------------------------------------------------------|----------------------|-----------------------------------------|----------|----|-----------|------------|----------|----------------------|------------|--------|-------------|--------------|---------------|--------------|----------|------------|-----------|
|admin1234 |$2a$10$uCdHCSg5mjnelB3LDe5TH.x9l.2jJUK/wPc2wJH2oeEm1JzetWI9C |boardDetail.htm       |ba7721aa-7096-4094-8111-7fc9f9651644.htm |관리자       |m   |2024-03-09 |01011112222 |y         |tkdgml0719@icloud.com |y           |14346   |1            |1             |1              |<p>1234</p>
 |y         |null        |2024-03-08 |
|----------|-------------------------------------------------------------|----------------------|-----------------------------------------|----------|----|-----------|------------|----------|----------------------|------------|--------|-------------|--------------|---------------|--------------|----------|------------|-----------|

2024-03-08 00:12:33.140 [http-nio-8080-exec-7] INFO 
				jdbc.resultsettable - 
|----------|-------------------------------------------------------------|----------------------|-----------------------------------------|----------|----|-----------|------------|----------|----------------------|------------|--------|-------------|--------------|---------------|--------------|----------|------------|-----------|
|member_id |passwd                                                       |profile_original_name |profile_uuid                             |member_nm |sex |birth_at   |hp          |smssts_yn |email                 |emailsts_yn |zipcode |road_address |jibun_address |namuji_address |etc           |active_yn |inactive_at |join_at    |
|----------|-------------------------------------------------------------|----------------------|-----------------------------------------|----------|----|-----------|------------|----------|----------------------|------------|--------|-------------|--------------|---------------|--------------|----------|------------|-----------|
|admin1234 |$2a$10$uCdHCSg5mjnelB3LDe5TH.x9l.2jJUK/wPc2wJH2oeEm1JzetWI9C |boardDetail.htm       |ba7721aa-7096-4094-8111-7fc9f9651644.htm |관리자       |m   |2024-03-09 |01011112222 |y         |tkdgml0719@icloud.com |y           |14346   |1            |1             |1              |<p>1234</p>
 |y         |null        |2024-03-08 |
|----------|-------------------------------------------------------------|----------------------|-----------------------------------------|----------|----|-----------|------------|----------|----------------------|------------|--------|-------------|--------------|---------------|--------------|----------|------------|-----------|

2024-03-08 00:12:38.303 [http-nio-8080-exec-1] INFO 
				jdbc.resultsettable - 
|-------------------------------------------------------------|----------|
|passwd                                                       |active_yn |
|-------------------------------------------------------------|----------|
|$2a$10$uCdHCSg5mjnelB3LDe5TH.x9l.2jJUK/wPc2wJH2oeEm1JzetWI9C |y         |
|-------------------------------------------------------------|----------|

2024-03-08 00:12:40.561 [http-nio-8080-exec-4] INFO 
				jdbc.resultsettable - 
|----------|-------------------------------------------------------------|----------------------|-----------------------------------------|----------|----|-----------|------------|----------|----------------------|------------|--------|-------------|--------------|---------------|--------------|----------|------------|-----------|
|member_id |passwd                                                       |profile_original_name |profile_uuid                             |member_nm |sex |birth_at   |hp          |smssts_yn |email                 |emailsts_yn |zipcode |road_address |jibun_address |namuji_address |etc           |active_yn |inactive_at |join_at    |
|----------|-------------------------------------------------------------|----------------------|-----------------------------------------|----------|----|-----------|------------|----------|----------------------|------------|--------|-------------|--------------|---------------|--------------|----------|------------|-----------|
|admin1234 |$2a$10$uCdHCSg5mjnelB3LDe5TH.x9l.2jJUK/wPc2wJH2oeEm1JzetWI9C |boardDetail.htm       |ba7721aa-7096-4094-8111-7fc9f9651644.htm |관리자       |m   |2024-03-09 |01011112222 |y         |tkdgml0719@icloud.com |y           |14346   |1            |1             |1              |<p>1234</p>
 |y         |null        |2024-03-08 |
|----------|-------------------------------------------------------------|----------------------|-----------------------------------------|----------|----|-----------|------------|----------|----------------------|------------|--------|-------------|--------------|---------------|--------------|----------|------------|-----------|

2024-03-08 00:14:16.178 [http-nio-8080-exec-7] INFO 
				jdbc.resultsettable - 
|----------|-------------------------------------------------------------|----------------------|-----------------------------------------|----------|----|-----------|------------|----------|----------------------|------------|--------|-------------|--------------|---------------|--------------|----------|------------|-----------|
|member_id |passwd                                                       |profile_original_name |profile_uuid                             |member_nm |sex |birth_at   |hp          |smssts_yn |email                 |emailsts_yn |zipcode |road_address |jibun_address |namuji_address |etc           |active_yn |inactive_at |join_at    |
|----------|-------------------------------------------------------------|----------------------|-----------------------------------------|----------|----|-----------|------------|----------|----------------------|------------|--------|-------------|--------------|---------------|--------------|----------|------------|-----------|
|admin1234 |$2a$10$uCdHCSg5mjnelB3LDe5TH.x9l.2jJUK/wPc2wJH2oeEm1JzetWI9C |boardDetail.htm       |ba7721aa-7096-4094-8111-7fc9f9651644.htm |관리자       |m   |2024-03-09 |01011112222 |y         |tkdgml0719@icloud.com |y           |14346   |1            |1             |1              |<p>1234</p>
 |y         |null        |2024-03-08 |
|----------|-------------------------------------------------------------|----------------------|-----------------------------------------|----------|----|-----------|------------|----------|----------------------|------------|--------|-------------|--------------|---------------|--------------|----------|------------|-----------|

2024-03-08 00:14:27.381 [http-nio-8080-exec-5] INFO 
				jdbc.resultsettable - 
|-------------------------------------------------------------|----------|
|passwd                                                       |active_yn |
|-------------------------------------------------------------|----------|
|$2a$10$uCdHCSg5mjnelB3LDe5TH.x9l.2jJUK/wPc2wJH2oeEm1JzetWI9C |y         |
|-------------------------------------------------------------|----------|

2024-03-08 00:14:29.595 [http-nio-8080-exec-8] INFO 
				jdbc.resultsettable - 
|----------|-------------------------------------------------------------|----------------------|-----------------------------------------|----------|----|-----------|------------|----------|----------------------|------------|--------|-------------|--------------|---------------|--------------|----------|------------|-----------|
|member_id |passwd                                                       |profile_original_name |profile_uuid                             |member_nm |sex |birth_at   |hp          |smssts_yn |email                 |emailsts_yn |zipcode |road_address |jibun_address |namuji_address |etc           |active_yn |inactive_at |join_at    |
|----------|-------------------------------------------------------------|----------------------|-----------------------------------------|----------|----|-----------|------------|----------|----------------------|------------|--------|-------------|--------------|---------------|--------------|----------|------------|-----------|
|admin1234 |$2a$10$uCdHCSg5mjnelB3LDe5TH.x9l.2jJUK/wPc2wJH2oeEm1JzetWI9C |boardDetail.htm       |ba7721aa-7096-4094-8111-7fc9f9651644.htm |관리자       |m   |2024-03-09 |01011112222 |y         |tkdgml0719@icloud.com |y           |14346   |1            |1             |1              |<p>1234</p>
 |y         |null        |2024-03-08 |
|----------|-------------------------------------------------------------|----------------------|-----------------------------------------|----------|----|-----------|------------|----------|----------------------|------------|--------|-------------|--------------|---------------|--------------|----------|------------|-----------|

2024-03-08 00:21:16.801 [http-nio-8080-exec-2] INFO 
				jdbc.resultsettable - 
|----------|-------------------------------------------------------------|----------------------|-----------------------------------------|----------|----|-----------|------------|----------|----------------------|------------|--------|-------------|--------------|---------------|--------------|----------|------------|-----------|
|member_id |passwd                                                       |profile_original_name |profile_uuid                             |member_nm |sex |birth_at   |hp          |smssts_yn |email                 |emailsts_yn |zipcode |road_address |jibun_address |namuji_address |etc           |active_yn |inactive_at |join_at    |
|----------|-------------------------------------------------------------|----------------------|-----------------------------------------|----------|----|-----------|------------|----------|----------------------|------------|--------|-------------|--------------|---------------|--------------|----------|------------|-----------|
|admin1234 |$2a$10$uCdHCSg5mjnelB3LDe5TH.x9l.2jJUK/wPc2wJH2oeEm1JzetWI9C |boardDetail.htm       |ba7721aa-7096-4094-8111-7fc9f9651644.htm |관리자       |m   |2024-03-09 |01011112222 |y         |tkdgml0719@icloud.com |y           |14346   |1            |1             |1              |<p>1234</p>
 |y         |null        |2024-03-08 |
|----------|-------------------------------------------------------------|----------------------|-----------------------------------------|----------|----|-----------|------------|----------|----------------------|------------|--------|-------------|--------------|---------------|--------------|----------|------------|-----------|

2024-03-08 00:29:40.387 [http-nio-8080-exec-10] INFO 
				jdbc.resultsettable - 
|----------|-------------------------------------------------------------|----------------------|-----------------------------------------|----------|----|-----------|------------|----------|----------------------|------------|--------|-------------|--------------|---------------|--------------|----------|------------|-----------|
|member_id |passwd                                                       |profile_original_name |profile_uuid                             |member_nm |sex |birth_at   |hp          |smssts_yn |email                 |emailsts_yn |zipcode |road_address |jibun_address |namuji_address |etc           |active_yn |inactive_at |join_at    |
|----------|-------------------------------------------------------------|----------------------|-----------------------------------------|----------|----|-----------|------------|----------|----------------------|------------|--------|-------------|--------------|---------------|--------------|----------|------------|-----------|
|admin1234 |$2a$10$uCdHCSg5mjnelB3LDe5TH.x9l.2jJUK/wPc2wJH2oeEm1JzetWI9C |boardDetail.htm       |ba7721aa-7096-4094-8111-7fc9f9651644.htm |관리자       |m   |2024-03-09 |01011112222 |y         |tkdgml0719@icloud.com |y           |14346   |1            |1             |1              |<p>1234</p>
 |y         |null        |2024-03-08 |
|----------|-------------------------------------------------------------|----------------------|-----------------------------------------|----------|----|-----------|------------|----------|----------------------|------------|--------|-------------|--------------|---------------|--------------|----------|------------|-----------|

2024-03-08 00:31:46.643 [http-nio-8080-exec-9] INFO 
				jdbc.resultsettable - 
|----------|-------------------------------------------------------------|----------------------|-----------------------------------------|----------|----|-----------|------------|----------|----------------------|------------|--------|-------------|--------------|---------------|--------------|----------|------------|-----------|
|member_id |passwd                                                       |profile_original_name |profile_uuid                             |member_nm |sex |birth_at   |hp          |smssts_yn |email                 |emailsts_yn |zipcode |road_address |jibun_address |namuji_address |etc           |active_yn |inactive_at |join_at    |
|----------|-------------------------------------------------------------|----------------------|-----------------------------------------|----------|----|-----------|------------|----------|----------------------|------------|--------|-------------|--------------|---------------|--------------|----------|------------|-----------|
|admin1234 |$2a$10$uCdHCSg5mjnelB3LDe5TH.x9l.2jJUK/wPc2wJH2oeEm1JzetWI9C |boardDetail.htm       |ba7721aa-7096-4094-8111-7fc9f9651644.htm |관리자       |m   |2024-03-09 |01011112222 |y         |tkdgml0719@icloud.com |y           |14346   |1            |1             |1              |<p>1234</p>
 |y         |null        |2024-03-08 |
|----------|-------------------------------------------------------------|----------------------|-----------------------------------------|----------|----|-----------|------------|----------|----------------------|------------|--------|-------------|--------------|---------------|--------------|----------|------------|-----------|

2024-03-08 00:37:04.425 [http-nio-8080-exec-8] INFO 
				jdbc.resultsettable - 
|----------|-------------------------------------------------------------|----------------------|-----------------------------------------|----------|----|-----------|------------|----------|----------------------|------------|--------|-------------|--------------|---------------|--------------|----------|------------|-----------|
|member_id |passwd                                                       |profile_original_name |profile_uuid                             |member_nm |sex |birth_at   |hp          |smssts_yn |email                 |emailsts_yn |zipcode |road_address |jibun_address |namuji_address |etc           |active_yn |inactive_at |join_at    |
|----------|-------------------------------------------------------------|----------------------|-----------------------------------------|----------|----|-----------|------------|----------|----------------------|------------|--------|-------------|--------------|---------------|--------------|----------|------------|-----------|
|admin1234 |$2a$10$uCdHCSg5mjnelB3LDe5TH.x9l.2jJUK/wPc2wJH2oeEm1JzetWI9C |boardDetail.htm       |ba7721aa-7096-4094-8111-7fc9f9651644.htm |관리자       |m   |2024-03-09 |01011112222 |y         |tkdgml0719@icloud.com |y           |14346   |1            |1             |1              |<p>1234</p>
 |y         |null        |2024-03-08 |
|----------|-------------------------------------------------------------|----------------------|-----------------------------------------|----------|----|-----------|------------|----------|----------------------|------------|--------|-------------|--------------|---------------|--------------|----------|------------|-----------|

2024-03-08 00:37:09.810 [http-nio-8080-exec-1] INFO 
				jdbc.resultsettable - 
|----------|-------------------------------------------------------------|----------------------|-----------------------------------------|----------|----|-----------|------------|----------|----------------------|------------|--------|-------------|--------------|---------------|--------------|----------|------------|-----------|
|member_id |passwd                                                       |profile_original_name |profile_uuid                             |member_nm |sex |birth_at   |hp          |smssts_yn |email                 |emailsts_yn |zipcode |road_address |jibun_address |namuji_address |etc           |active_yn |inactive_at |join_at    |
|----------|-------------------------------------------------------------|----------------------|-----------------------------------------|----------|----|-----------|------------|----------|----------------------|------------|--------|-------------|--------------|---------------|--------------|----------|------------|-----------|
|admin1234 |$2a$10$uCdHCSg5mjnelB3LDe5TH.x9l.2jJUK/wPc2wJH2oeEm1JzetWI9C |boardDetail.htm       |ba7721aa-7096-4094-8111-7fc9f9651644.htm |관리자       |m   |2024-03-09 |01011112222 |y         |tkdgml0719@icloud.com |y           |14346   |1            |1             |1              |<p>1234</p>
 |y         |null        |2024-03-08 |
|----------|-------------------------------------------------------------|----------------------|-----------------------------------------|----------|----|-----------|------------|----------|----------------------|------------|--------|-------------|--------------|---------------|--------------|----------|------------|-----------|

2024-03-08 00:43:29.601 [http-nio-8080-exec-1] INFO 
				jdbc.resultsettable - 
|----------|-------------------------------------------------------------|----------------------|-----------------------------------------|----------|----|-----------|------------|----------|----------------------|------------|--------|-------------|--------------|---------------|--------------|----------|------------|-----------|
|member_id |passwd                                                       |profile_original_name |profile_uuid                             |member_nm |sex |birth_at   |hp          |smssts_yn |email                 |emailsts_yn |zipcode |road_address |jibun_address |namuji_address |etc           |active_yn |inactive_at |join_at    |
|----------|-------------------------------------------------------------|----------------------|-----------------------------------------|----------|----|-----------|------------|----------|----------------------|------------|--------|-------------|--------------|---------------|--------------|----------|------------|-----------|
|admin1234 |$2a$10$uCdHCSg5mjnelB3LDe5TH.x9l.2jJUK/wPc2wJH2oeEm1JzetWI9C |boardDetail.htm       |ba7721aa-7096-4094-8111-7fc9f9651644.htm |관리자       |m   |2024-03-09 |01011112222 |y         |tkdgml0719@icloud.com |y           |14346   |1            |1             |1              |<p>1234</p>
 |y         |null        |2024-03-08 |
|----------|-------------------------------------------------------------|----------------------|-----------------------------------------|----------|----|-----------|------------|----------|----------------------|------------|--------|-------------|--------------|---------------|--------------|----------|------------|-----------|

2024-03-08 00:43:30.886 [http-nio-8080-exec-6] INFO 
				jdbc.resultsettable - 
|----------|-------------------------------------------------------------|----------------------|-----------------------------------------|----------|----|-----------|------------|----------|----------------------|------------|--------|-------------|--------------|---------------|--------------|----------|------------|-----------|
|member_id |passwd                                                       |profile_original_name |profile_uuid                             |member_nm |sex |birth_at   |hp          |smssts_yn |email                 |emailsts_yn |zipcode |road_address |jibun_address |namuji_address |etc           |active_yn |inactive_at |join_at    |
|----------|-------------------------------------------------------------|----------------------|-----------------------------------------|----------|----|-----------|------------|----------|----------------------|------------|--------|-------------|--------------|---------------|--------------|----------|------------|-----------|
|admin1234 |$2a$10$uCdHCSg5mjnelB3LDe5TH.x9l.2jJUK/wPc2wJH2oeEm1JzetWI9C |boardDetail.htm       |ba7721aa-7096-4094-8111-7fc9f9651644.htm |관리자       |m   |2024-03-09 |01011112222 |y         |tkdgml0719@icloud.com |y           |14346   |1            |1             |1              |<p>1234</p>
 |y         |null        |2024-03-08 |
|----------|-------------------------------------------------------------|----------------------|-----------------------------------------|----------|----|-----------|------------|----------|----------------------|------------|--------|-------------|--------------|---------------|--------------|----------|------------|-----------|

2024-03-08 00:43:31.185 [http-nio-8080-exec-9] INFO 
				jdbc.resultsettable - 
|----------|-------------------------------------------------------------|----------------------|-----------------------------------------|----------|----|-----------|------------|----------|----------------------|------------|--------|-------------|--------------|---------------|--------------|----------|------------|-----------|
|member_id |passwd                                                       |profile_original_name |profile_uuid                             |member_nm |sex |birth_at   |hp          |smssts_yn |email                 |emailsts_yn |zipcode |road_address |jibun_address |namuji_address |etc           |active_yn |inactive_at |join_at    |
|----------|-------------------------------------------------------------|----------------------|-----------------------------------------|----------|----|-----------|------------|----------|----------------------|------------|--------|-------------|--------------|---------------|--------------|----------|------------|-----------|
|admin1234 |$2a$10$uCdHCSg5mjnelB3LDe5TH.x9l.2jJUK/wPc2wJH2oeEm1JzetWI9C |boardDetail.htm       |ba7721aa-7096-4094-8111-7fc9f9651644.htm |관리자       |m   |2024-03-09 |01011112222 |y         |tkdgml0719@icloud.com |y           |14346   |1            |1             |1              |<p>1234</p>
 |y         |null        |2024-03-08 |
|----------|-------------------------------------------------------------|----------------------|-----------------------------------------|----------|----|-----------|------------|----------|----------------------|------------|--------|-------------|--------------|---------------|--------------|----------|------------|-----------|

2024-03-08 00:46:31.212 [http-nio-8080-exec-1] INFO 
				jdbc.resultsettable - 
|----------|-------------------------------------------------------------|----------------------|-----------------------------------------|----------|----|-----------|------------|----------|----------------------|------------|--------|-------------|--------------|---------------|--------------|----------|------------|-----------|
|member_id |passwd                                                       |profile_original_name |profile_uuid                             |member_nm |sex |birth_at   |hp          |smssts_yn |email                 |emailsts_yn |zipcode |road_address |jibun_address |namuji_address |etc           |active_yn |inactive_at |join_at    |
|----------|-------------------------------------------------------------|----------------------|-----------------------------------------|----------|----|-----------|------------|----------|----------------------|------------|--------|-------------|--------------|---------------|--------------|----------|------------|-----------|
|admin1234 |$2a$10$uCdHCSg5mjnelB3LDe5TH.x9l.2jJUK/wPc2wJH2oeEm1JzetWI9C |boardDetail.htm       |ba7721aa-7096-4094-8111-7fc9f9651644.htm |관리자       |m   |2024-03-09 |01011112222 |y         |tkdgml0719@icloud.com |y           |14346   |1            |1             |1              |<p>1234</p>
 |y         |null        |2024-03-08 |
|----------|-------------------------------------------------------------|----------------------|-----------------------------------------|----------|----|-----------|------------|----------|----------------------|------------|--------|-------------|--------------|---------------|--------------|----------|------------|-----------|

2024-03-08 00:46:32.417 [http-nio-8080-exec-6] INFO 
				jdbc.resultsettable - 
|----------|-------------------------------------------------------------|----------------------|-----------------------------------------|----------|----|-----------|------------|----------|----------------------|------------|--------|-------------|--------------|---------------|--------------|----------|------------|-----------|
|member_id |passwd                                                       |profile_original_name |profile_uuid                             |member_nm |sex |birth_at   |hp          |smssts_yn |email                 |emailsts_yn |zipcode |road_address |jibun_address |namuji_address |etc           |active_yn |inactive_at |join_at    |
|----------|-------------------------------------------------------------|----------------------|-----------------------------------------|----------|----|-----------|------------|----------|----------------------|------------|--------|-------------|--------------|---------------|--------------|----------|------------|-----------|
|admin1234 |$2a$10$uCdHCSg5mjnelB3LDe5TH.x9l.2jJUK/wPc2wJH2oeEm1JzetWI9C |boardDetail.htm       |ba7721aa-7096-4094-8111-7fc9f9651644.htm |관리자       |m   |2024-03-09 |01011112222 |y         |tkdgml0719@icloud.com |y           |14346   |1            |1             |1              |<p>1234</p>
 |y         |null        |2024-03-08 |
|----------|-------------------------------------------------------------|----------------------|-----------------------------------------|----------|----|-----------|------------|----------|----------------------|------------|--------|-------------|--------------|---------------|--------------|----------|------------|-----------|

2024-03-08 00:46:32.576 [http-nio-8080-exec-10] INFO 
				jdbc.resultsettable - 
|----------|-------------------------------------------------------------|----------------------|-----------------------------------------|----------|----|-----------|------------|----------|----------------------|------------|--------|-------------|--------------|---------------|--------------|----------|------------|-----------|
|member_id |passwd                                                       |profile_original_name |profile_uuid                             |member_nm |sex |birth_at   |hp          |smssts_yn |email                 |emailsts_yn |zipcode |road_address |jibun_address |namuji_address |etc           |active_yn |inactive_at |join_at    |
|----------|-------------------------------------------------------------|----------------------|-----------------------------------------|----------|----|-----------|------------|----------|----------------------|------------|--------|-------------|--------------|---------------|--------------|----------|------------|-----------|
|admin1234 |$2a$10$uCdHCSg5mjnelB3LDe5TH.x9l.2jJUK/wPc2wJH2oeEm1JzetWI9C |boardDetail.htm       |ba7721aa-7096-4094-8111-7fc9f9651644.htm |관리자       |m   |2024-03-09 |01011112222 |y         |tkdgml0719@icloud.com |y           |14346   |1            |1             |1              |<p>1234</p>
 |y         |null        |2024-03-08 |
|----------|-------------------------------------------------------------|----------------------|-----------------------------------------|----------|----|-----------|------------|----------|----------------------|------------|--------|-------------|--------------|---------------|--------------|----------|------------|-----------|

2024-03-08 00:50:22.992 [http-nio-8080-exec-7] INFO 
				jdbc.resultsettable - 
|----------|-------------------------------------------------------------|----------------------|-----------------------------------------|----------|----|-----------|------------|----------|----------------------|------------|--------|-------------|--------------|---------------|--------------|----------|------------|-----------|
|member_id |passwd                                                       |profile_original_name |profile_uuid                             |member_nm |sex |birth_at   |hp          |smssts_yn |email                 |emailsts_yn |zipcode |road_address |jibun_address |namuji_address |etc           |active_yn |inactive_at |join_at    |
|----------|-------------------------------------------------------------|----------------------|-----------------------------------------|----------|----|-----------|------------|----------|----------------------|------------|--------|-------------|--------------|---------------|--------------|----------|------------|-----------|
|admin1234 |$2a$10$uCdHCSg5mjnelB3LDe5TH.x9l.2jJUK/wPc2wJH2oeEm1JzetWI9C |boardDetail.htm       |ba7721aa-7096-4094-8111-7fc9f9651644.htm |관리자       |m   |2024-03-09 |01011112222 |y         |tkdgml0719@icloud.com |y           |14346   |1            |1             |1              |<p>1234</p>
 |y         |null        |2024-03-08 |
|----------|-------------------------------------------------------------|----------------------|-----------------------------------------|----------|----|-----------|------------|----------|----------------------|------------|--------|-------------|--------------|---------------|--------------|----------|------------|-----------|

2024-03-08 00:52:55.183 [http-nio-8080-exec-1] INFO 
				jdbc.resultsettable - 
|----------|-------------------------------------------------------------|----------------------|-----------------------------------------|----------|----|-----------|------------|----------|----------------------|------------|--------|-------------|--------------|---------------|--------------|----------|------------|-----------|
|member_id |passwd                                                       |profile_original_name |profile_uuid                             |member_nm |sex |birth_at   |hp          |smssts_yn |email                 |emailsts_yn |zipcode |road_address |jibun_address |namuji_address |etc           |active_yn |inactive_at |join_at    |
|----------|-------------------------------------------------------------|----------------------|-----------------------------------------|----------|----|-----------|------------|----------|----------------------|------------|--------|-------------|--------------|---------------|--------------|----------|------------|-----------|
|admin1234 |$2a$10$uCdHCSg5mjnelB3LDe5TH.x9l.2jJUK/wPc2wJH2oeEm1JzetWI9C |boardDetail.htm       |ba7721aa-7096-4094-8111-7fc9f9651644.htm |관리자       |m   |2024-03-09 |01011112222 |y         |tkdgml0719@icloud.com |y           |14346   |1            |1             |1              |<p>1234</p>
 |y         |null        |2024-03-08 |
|----------|-------------------------------------------------------------|----------------------|-----------------------------------------|----------|----|-----------|------------|----------|----------------------|------------|--------|-------------|--------------|---------------|--------------|----------|------------|-----------|

2024-03-08 00:52:56.132 [http-nio-8080-exec-6] INFO 
				jdbc.resultsettable - 
|----------|-------------------------------------------------------------|----------------------|-----------------------------------------|----------|----|-----------|------------|----------|----------------------|------------|--------|-------------|--------------|---------------|--------------|----------|------------|-----------|
|member_id |passwd                                                       |profile_original_name |profile_uuid                             |member_nm |sex |birth_at   |hp          |smssts_yn |email                 |emailsts_yn |zipcode |road_address |jibun_address |namuji_address |etc           |active_yn |inactive_at |join_at    |
|----------|-------------------------------------------------------------|----------------------|-----------------------------------------|----------|----|-----------|------------|----------|----------------------|------------|--------|-------------|--------------|---------------|--------------|----------|------------|-----------|
|admin1234 |$2a$10$uCdHCSg5mjnelB3LDe5TH.x9l.2jJUK/wPc2wJH2oeEm1JzetWI9C |boardDetail.htm       |ba7721aa-7096-4094-8111-7fc9f9651644.htm |관리자       |m   |2024-03-09 |01011112222 |y         |tkdgml0719@icloud.com |y           |14346   |1            |1             |1              |<p>1234</p>
 |y         |null        |2024-03-08 |
|----------|-------------------------------------------------------------|----------------------|-----------------------------------------|----------|----|-----------|------------|----------|----------------------|------------|--------|-------------|--------------|---------------|--------------|----------|------------|-----------|

2024-03-08 00:52:56.316 [http-nio-8080-exec-10] INFO 
				jdbc.resultsettable - 
|----------|-------------------------------------------------------------|----------------------|-----------------------------------------|----------|----|-----------|------------|----------|----------------------|------------|--------|-------------|--------------|---------------|--------------|----------|------------|-----------|
|member_id |passwd                                                       |profile_original_name |profile_uuid                             |member_nm |sex |birth_at   |hp          |smssts_yn |email                 |emailsts_yn |zipcode |road_address |jibun_address |namuji_address |etc           |active_yn |inactive_at |join_at    |
|----------|-------------------------------------------------------------|----------------------|-----------------------------------------|----------|----|-----------|------------|----------|----------------------|------------|--------|-------------|--------------|---------------|--------------|----------|------------|-----------|
|admin1234 |$2a$10$uCdHCSg5mjnelB3LDe5TH.x9l.2jJUK/wPc2wJH2oeEm1JzetWI9C |boardDetail.htm       |ba7721aa-7096-4094-8111-7fc9f9651644.htm |관리자       |m   |2024-03-09 |01011112222 |y         |tkdgml0719@icloud.com |y           |14346   |1            |1             |1              |<p>1234</p>
 |y         |null        |2024-03-08 |
|----------|-------------------------------------------------------------|----------------------|-----------------------------------------|----------|----|-----------|------------|----------|----------------------|------------|--------|-------------|--------------|---------------|--------------|----------|------------|-----------|

2024-03-08 01:03:43.385 [http-nio-8080-exec-1] INFO 
				jdbc.resultsettable - 
|----------|-------------------------------------------------------------|----------------------|-----------------------------------------|----------|----|-----------|------------|----------|----------------------|------------|--------|-------------|--------------|---------------|--------------|----------|------------|-----------|
|member_id |passwd                                                       |profile_original_name |profile_uuid                             |member_nm |sex |birth_at   |hp          |smssts_yn |email                 |emailsts_yn |zipcode |road_address |jibun_address |namuji_address |etc           |active_yn |inactive_at |join_at    |
|----------|-------------------------------------------------------------|----------------------|-----------------------------------------|----------|----|-----------|------------|----------|----------------------|------------|--------|-------------|--------------|---------------|--------------|----------|------------|-----------|
|admin1234 |$2a$10$uCdHCSg5mjnelB3LDe5TH.x9l.2jJUK/wPc2wJH2oeEm1JzetWI9C |boardDetail.htm       |ba7721aa-7096-4094-8111-7fc9f9651644.htm |관리자       |m   |2024-03-09 |01011112222 |y         |tkdgml0719@icloud.com |y           |14346   |1            |1             |1              |<p>1234</p>
 |y         |null        |2024-03-08 |
|----------|-------------------------------------------------------------|----------------------|-----------------------------------------|----------|----|-----------|------------|----------|----------------------|------------|--------|-------------|--------------|---------------|--------------|----------|------------|-----------|

2024-03-08 01:03:46.836 [http-nio-8080-exec-6] INFO 
				jdbc.resultsettable - 
|----------|-------------------------------------------------------------|----------------------|-----------------------------------------|----------|----|-----------|------------|----------|----------------------|------------|--------|-------------|--------------|---------------|--------------|----------|------------|-----------|
|member_id |passwd                                                       |profile_original_name |profile_uuid                             |member_nm |sex |birth_at   |hp          |smssts_yn |email                 |emailsts_yn |zipcode |road_address |jibun_address |namuji_address |etc           |active_yn |inactive_at |join_at    |
|----------|-------------------------------------------------------------|----------------------|-----------------------------------------|----------|----|-----------|------------|----------|----------------------|------------|--------|-------------|--------------|---------------|--------------|----------|------------|-----------|
|admin1234 |$2a$10$uCdHCSg5mjnelB3LDe5TH.x9l.2jJUK/wPc2wJH2oeEm1JzetWI9C |boardDetail.htm       |ba7721aa-7096-4094-8111-7fc9f9651644.htm |관리자       |m   |2024-03-09 |01011112222 |y         |tkdgml0719@icloud.com |y           |14346   |1            |1             |1              |<p>1234</p>
 |y         |null        |2024-03-08 |
|----------|-------------------------------------------------------------|----------------------|-----------------------------------------|----------|----|-----------|------------|----------|----------------------|------------|--------|-------------|--------------|---------------|--------------|----------|------------|-----------|

2024-03-08 01:05:18.794 [http-nio-8080-exec-1] INFO 
				jdbc.resultsettable - 
|----------|-------------------------------------------------------------|----------------------|-----------------------------------------|----------|----|-----------|------------|----------|----------------------|------------|--------|-------------|--------------|---------------|--------------|----------|------------|-----------|
|member_id |passwd                                                       |profile_original_name |profile_uuid                             |member_nm |sex |birth_at   |hp          |smssts_yn |email                 |emailsts_yn |zipcode |road_address |jibun_address |namuji_address |etc           |active_yn |inactive_at |join_at    |
|----------|-------------------------------------------------------------|----------------------|-----------------------------------------|----------|----|-----------|------------|----------|----------------------|------------|--------|-------------|--------------|---------------|--------------|----------|------------|-----------|
|admin1234 |$2a$10$uCdHCSg5mjnelB3LDe5TH.x9l.2jJUK/wPc2wJH2oeEm1JzetWI9C |boardDetail.htm       |ba7721aa-7096-4094-8111-7fc9f9651644.htm |관리자       |m   |2024-03-09 |01011112222 |y         |tkdgml0719@icloud.com |y           |14346   |1            |1             |1              |<p>1234</p>
 |y         |null        |2024-03-08 |
|----------|-------------------------------------------------------------|----------------------|-----------------------------------------|----------|----|-----------|------------|----------|----------------------|------------|--------|-------------|--------------|---------------|--------------|----------|------------|-----------|

2024-03-08 01:05:21.178 [http-nio-8080-exec-6] INFO 
				jdbc.resultsettable - 
|----------|-------------------------------------------------------------|----------------------|-----------------------------------------|----------|----|-----------|------------|----------|----------------------|------------|--------|-------------|--------------|---------------|--------------|----------|------------|-----------|
|member_id |passwd                                                       |profile_original_name |profile_uuid                             |member_nm |sex |birth_at   |hp          |smssts_yn |email                 |emailsts_yn |zipcode |road_address |jibun_address |namuji_address |etc           |active_yn |inactive_at |join_at    |
|----------|-------------------------------------------------------------|----------------------|-----------------------------------------|----------|----|-----------|------------|----------|----------------------|------------|--------|-------------|--------------|---------------|--------------|----------|------------|-----------|
|admin1234 |$2a$10$uCdHCSg5mjnelB3LDe5TH.x9l.2jJUK/wPc2wJH2oeEm1JzetWI9C |boardDetail.htm       |ba7721aa-7096-4094-8111-7fc9f9651644.htm |관리자       |m   |2024-03-09 |01011112222 |y         |tkdgml0719@icloud.com |y           |14346   |1            |1             |1              |<p>1234</p>
 |y         |null        |2024-03-08 |
|----------|-------------------------------------------------------------|----------------------|-----------------------------------------|----------|----|-----------|------------|----------|----------------------|------------|--------|-------------|--------------|---------------|--------------|----------|------------|-----------|

2024-03-08 01:05:21.378 [http-nio-8080-exec-10] INFO 
				jdbc.resultsettable - 
|----------|-------------------------------------------------------------|----------------------|-----------------------------------------|----------|----|-----------|------------|----------|----------------------|------------|--------|-------------|--------------|---------------|--------------|----------|------------|-----------|
|member_id |passwd                                                       |profile_original_name |profile_uuid                             |member_nm |sex |birth_at   |hp          |smssts_yn |email                 |emailsts_yn |zipcode |road_address |jibun_address |namuji_address |etc           |active_yn |inactive_at |join_at    |
|----------|-------------------------------------------------------------|----------------------|-----------------------------------------|----------|----|-----------|------------|----------|----------------------|------------|--------|-------------|--------------|---------------|--------------|----------|------------|-----------|
|admin1234 |$2a$10$uCdHCSg5mjnelB3LDe5TH.x9l.2jJUK/wPc2wJH2oeEm1JzetWI9C |boardDetail.htm       |ba7721aa-7096-4094-8111-7fc9f9651644.htm |관리자       |m   |2024-03-09 |01011112222 |y         |tkdgml0719@icloud.com |y           |14346   |1            |1             |1              |<p>1234</p>
 |y         |null        |2024-03-08 |
|----------|-------------------------------------------------------------|----------------------|-----------------------------------------|----------|----|-----------|------------|----------|----------------------|------------|--------|-------------|--------------|---------------|--------------|----------|------------|-----------|

2024-03-08 01:09:17.063 [http-nio-8080-exec-1] INFO 
				jdbc.resultsettable - 
|----------|-------------------------------------------------------------|----------------------|-----------------------------------------|----------|----|-----------|------------|----------|----------------------|------------|--------|-------------|--------------|---------------|--------------|----------|------------|-----------|
|member_id |passwd                                                       |profile_original_name |profile_uuid                             |member_nm |sex |birth_at   |hp          |smssts_yn |email                 |emailsts_yn |zipcode |road_address |jibun_address |namuji_address |etc           |active_yn |inactive_at |join_at    |
|----------|-------------------------------------------------------------|----------------------|-----------------------------------------|----------|----|-----------|------------|----------|----------------------|------------|--------|-------------|--------------|---------------|--------------|----------|------------|-----------|
|admin1234 |$2a$10$uCdHCSg5mjnelB3LDe5TH.x9l.2jJUK/wPc2wJH2oeEm1JzetWI9C |boardDetail.htm       |ba7721aa-7096-4094-8111-7fc9f9651644.htm |관리자       |m   |2024-03-09 |01011112222 |y         |tkdgml0719@icloud.com |y           |14346   |1            |1             |1              |<p>1234</p>
 |y         |null        |2024-03-08 |
|----------|-------------------------------------------------------------|----------------------|-----------------------------------------|----------|----|-----------|------------|----------|----------------------|------------|--------|-------------|--------------|---------------|--------------|----------|------------|-----------|

2024-03-08 01:09:18.314 [http-nio-8080-exec-6] INFO 
				jdbc.resultsettable - 
|----------|-------------------------------------------------------------|----------------------|-----------------------------------------|----------|----|-----------|------------|----------|----------------------|------------|--------|-------------|--------------|---------------|--------------|----------|------------|-----------|
|member_id |passwd                                                       |profile_original_name |profile_uuid                             |member_nm |sex |birth_at   |hp          |smssts_yn |email                 |emailsts_yn |zipcode |road_address |jibun_address |namuji_address |etc           |active_yn |inactive_at |join_at    |
|----------|-------------------------------------------------------------|----------------------|-----------------------------------------|----------|----|-----------|------------|----------|----------------------|------------|--------|-------------|--------------|---------------|--------------|----------|------------|-----------|
|admin1234 |$2a$10$uCdHCSg5mjnelB3LDe5TH.x9l.2jJUK/wPc2wJH2oeEm1JzetWI9C |boardDetail.htm       |ba7721aa-7096-4094-8111-7fc9f9651644.htm |관리자       |m   |2024-03-09 |01011112222 |y         |tkdgml0719@icloud.com |y           |14346   |1            |1             |1              |<p>1234</p>
 |y         |null        |2024-03-08 |
|----------|-------------------------------------------------------------|----------------------|-----------------------------------------|----------|----|-----------|------------|----------|----------------------|------------|--------|-------------|--------------|---------------|--------------|----------|------------|-----------|

2024-03-08 01:09:18.457 [http-nio-8080-exec-1] INFO 
				jdbc.resultsettable - 
|----------|-------------------------------------------------------------|----------------------|-----------------------------------------|----------|----|-----------|------------|----------|----------------------|------------|--------|-------------|--------------|---------------|--------------|----------|------------|-----------|
|member_id |passwd                                                       |profile_original_name |profile_uuid                             |member_nm |sex |birth_at   |hp          |smssts_yn |email                 |emailsts_yn |zipcode |road_address |jibun_address |namuji_address |etc           |active_yn |inactive_at |join_at    |
|----------|-------------------------------------------------------------|----------------------|-----------------------------------------|----------|----|-----------|------------|----------|----------------------|------------|--------|-------------|--------------|---------------|--------------|----------|------------|-----------|
|admin1234 |$2a$10$uCdHCSg5mjnelB3LDe5TH.x9l.2jJUK/wPc2wJH2oeEm1JzetWI9C |boardDetail.htm       |ba7721aa-7096-4094-8111-7fc9f9651644.htm |관리자       |m   |2024-03-09 |01011112222 |y         |tkdgml0719@icloud.com |y           |14346   |1            |1             |1              |<p>1234</p>
 |y         |null        |2024-03-08 |
|----------|-------------------------------------------------------------|----------------------|-----------------------------------------|----------|----|-----------|------------|----------|----------------------|------------|--------|-------------|--------------|---------------|--------------|----------|------------|-----------|

2024-03-08 01:22:01.471 [http-nio-8080-exec-1] INFO 
				jdbc.resultsettable - 
|----------|-------------------------------------------------------------|----------------------|-----------------------------------------|----------|----|-----------|------------|----------|----------------------|------------|--------|-------------|--------------|---------------|------------------|----------|------------|-----------|
|member_id |passwd                                                       |profile_original_name |profile_uuid                             |member_nm |sex |birth_at   |hp          |smssts_yn |email                 |emailsts_yn |zipcode |road_address |jibun_address |namuji_address |etc               |active_yn |inactive_at |join_at    |
|----------|-------------------------------------------------------------|----------------------|-----------------------------------------|----------|----|-----------|------------|----------|----------------------|------------|--------|-------------|--------------|---------------|------------------|----------|------------|-----------|
|admin1234 |$2a$10$uCdHCSg5mjnelB3LDe5TH.x9l.2jJUK/wPc2wJH2oeEm1JzetWI9C |boardDetail.htm       |ba7721aa-7096-4094-8111-7fc9f9651644.htm |관리자       |m   |2024-03-09 |01011112222 |y         |tkdgml0719@icloud.com |y           |14346   |1            |1             |1              |<p>1234 팽ㅇㄹ</p>
 |y         |null        |2024-03-08 |
|----------|-------------------------------------------------------------|----------------------|-----------------------------------------|----------|----|-----------|------------|----------|----------------------|------------|--------|-------------|--------------|---------------|------------------|----------|------------|-----------|

2024-03-08 01:22:03.340 [http-nio-8080-exec-6] INFO 
				jdbc.resultsettable - 
|----------|-------------------------------------------------------------|----------------------|-----------------------------------------|----------|----|-----------|------------|----------|----------------------|------------|--------|-------------|--------------|---------------|------------------|----------|------------|-----------|
|member_id |passwd                                                       |profile_original_name |profile_uuid                             |member_nm |sex |birth_at   |hp          |smssts_yn |email                 |emailsts_yn |zipcode |road_address |jibun_address |namuji_address |etc               |active_yn |inactive_at |join_at    |
|----------|-------------------------------------------------------------|----------------------|-----------------------------------------|----------|----|-----------|------------|----------|----------------------|------------|--------|-------------|--------------|---------------|------------------|----------|------------|-----------|
|admin1234 |$2a$10$uCdHCSg5mjnelB3LDe5TH.x9l.2jJUK/wPc2wJH2oeEm1JzetWI9C |boardDetail.htm       |ba7721aa-7096-4094-8111-7fc9f9651644.htm |관리자       |m   |2024-03-09 |01011112222 |y         |tkdgml0719@icloud.com |y           |14346   |1            |1             |1              |<p>1234 팽ㅇㄹ</p>
 |y         |null        |2024-03-08 |
|----------|-------------------------------------------------------------|----------------------|-----------------------------------------|----------|----|-----------|------------|----------|----------------------|------------|--------|-------------|--------------|---------------|------------------|----------|------------|-----------|

2024-03-08 01:24:10.963 [http-nio-8080-exec-1] INFO 
				jdbc.resultsettable - 
|----------|-------------------------------------------------------------|----------------------|-----------------------------------------|----------|----|-----------|------------|----------|----------------------|------------|--------|-------------|--------------|---------------|------------------|----------|------------|-----------|
|member_id |passwd                                                       |profile_original_name |profile_uuid                             |member_nm |sex |birth_at   |hp          |smssts_yn |email                 |emailsts_yn |zipcode |road_address |jibun_address |namuji_address |etc               |active_yn |inactive_at |join_at    |
|----------|-------------------------------------------------------------|----------------------|-----------------------------------------|----------|----|-----------|------------|----------|----------------------|------------|--------|-------------|--------------|---------------|------------------|----------|------------|-----------|
|admin1234 |$2a$10$uCdHCSg5mjnelB3LDe5TH.x9l.2jJUK/wPc2wJH2oeEm1JzetWI9C |boardDetail.htm       |ba7721aa-7096-4094-8111-7fc9f9651644.htm |관리자       |m   |2024-03-09 |01011112222 |y         |tkdgml0719@icloud.com |y           |14346   |1            |1             |1              |<p>1234 팽ㅇㄹ</p>
 |y         |null        |2024-03-08 |
|----------|-------------------------------------------------------------|----------------------|-----------------------------------------|----------|----|-----------|------------|----------|----------------------|------------|--------|-------------|--------------|---------------|------------------|----------|------------|-----------|

2024-03-08 01:24:11.626 [http-nio-8080-exec-5] INFO 
				jdbc.resultsettable - 
|----------|-------------------------------------------------------------|----------------------|-----------------------------------------|----------|----|-----------|------------|----------|----------------------|------------|--------|-------------|--------------|---------------|------------------|----------|------------|-----------|
|member_id |passwd                                                       |profile_original_name |profile_uuid                             |member_nm |sex |birth_at   |hp          |smssts_yn |email                 |emailsts_yn |zipcode |road_address |jibun_address |namuji_address |etc               |active_yn |inactive_at |join_at    |
|----------|-------------------------------------------------------------|----------------------|-----------------------------------------|----------|----|-----------|------------|----------|----------------------|------------|--------|-------------|--------------|---------------|------------------|----------|------------|-----------|
|admin1234 |$2a$10$uCdHCSg5mjnelB3LDe5TH.x9l.2jJUK/wPc2wJH2oeEm1JzetWI9C |boardDetail.htm       |ba7721aa-7096-4094-8111-7fc9f9651644.htm |관리자       |m   |2024-03-09 |01011112222 |y         |tkdgml0719@icloud.com |y           |14346   |1            |1             |1              |<p>1234 팽ㅇㄹ</p>
 |y         |null        |2024-03-08 |
|----------|-------------------------------------------------------------|----------------------|-----------------------------------------|----------|----|-----------|------------|----------|----------------------|------------|--------|-------------|--------------|---------------|------------------|----------|------------|-----------|

2024-03-08 01:24:11.770 [http-nio-8080-exec-10] INFO 
				jdbc.resultsettable - 
|----------|-------------------------------------------------------------|----------------------|-----------------------------------------|----------|----|-----------|------------|----------|----------------------|------------|--------|-------------|--------------|---------------|------------------|----------|------------|-----------|
|member_id |passwd                                                       |profile_original_name |profile_uuid                             |member_nm |sex |birth_at   |hp          |smssts_yn |email                 |emailsts_yn |zipcode |road_address |jibun_address |namuji_address |etc               |active_yn |inactive_at |join_at    |
|----------|-------------------------------------------------------------|----------------------|-----------------------------------------|----------|----|-----------|------------|----------|----------------------|------------|--------|-------------|--------------|---------------|------------------|----------|------------|-----------|
|admin1234 |$2a$10$uCdHCSg5mjnelB3LDe5TH.x9l.2jJUK/wPc2wJH2oeEm1JzetWI9C |boardDetail.htm       |ba7721aa-7096-4094-8111-7fc9f9651644.htm |관리자       |m   |2024-03-09 |01011112222 |y         |tkdgml0719@icloud.com |y           |14346   |1            |1             |1              |<p>1234 팽ㅇㄹ</p>
 |y         |null        |2024-03-08 |
|----------|-------------------------------------------------------------|----------------------|-----------------------------------------|----------|----|-----------|------------|----------|----------------------|------------|--------|-------------|--------------|---------------|------------------|----------|------------|-----------|

2024-03-08 01:49:55.997 [http-nio-8080-exec-9] INFO 
				jdbc.resultsettable - 
|----------|-------------------------------------------------------------|----------------------|-----------------------------------------|----------|----|-----------|------------|----------|----------------------|------------|--------|-------------|--------------|---------------|--------------|----------|------------|-----------|
|member_id |passwd                                                       |profile_original_name |profile_uuid                             |member_nm |sex |birth_at   |hp          |smssts_yn |email                 |emailsts_yn |zipcode |road_address |jibun_address |namuji_address |etc           |active_yn |inactive_at |join_at    |
|----------|-------------------------------------------------------------|----------------------|-----------------------------------------|----------|----|-----------|------------|----------|----------------------|------------|--------|-------------|--------------|---------------|--------------|----------|------------|-----------|
|admin1234 |$2a$10$uCdHCSg5mjnelB3LDe5TH.x9l.2jJUK/wPc2wJH2oeEm1JzetWI9C |boardDetail.htm       |ba7721aa-7096-4094-8111-7fc9f9651644.htm |관리자       |m   |2024-03-09 |01011112222 |y         |tkdgml0719@icloud.com |y           |14346   |1            |1             |1              |<p>1234</p>
 |y         |null        |2024-03-08 |
|----------|-------------------------------------------------------------|----------------------|-----------------------------------------|----------|----|-----------|------------|----------|----------------------|------------|--------|-------------|--------------|---------------|--------------|----------|------------|-----------|

2024-03-08 01:52:23.567 [http-nio-8080-exec-2] INFO 
				jdbc.resultsettable - 
|----------|-------------------------------------------------------------|----------------------|-----------------------------------------|----------|----|-----------|------------|----------|----------------------|------------|--------|-------------|--------------|---------------|--------------|----------|------------|-----------|
|member_id |passwd                                                       |profile_original_name |profile_uuid                             |member_nm |sex |birth_at   |hp          |smssts_yn |email                 |emailsts_yn |zipcode |road_address |jibun_address |namuji_address |etc           |active_yn |inactive_at |join_at    |
|----------|-------------------------------------------------------------|----------------------|-----------------------------------------|----------|----|-----------|------------|----------|----------------------|------------|--------|-------------|--------------|---------------|--------------|----------|------------|-----------|
|admin1234 |$2a$10$uCdHCSg5mjnelB3LDe5TH.x9l.2jJUK/wPc2wJH2oeEm1JzetWI9C |boardDetail.htm       |ba7721aa-7096-4094-8111-7fc9f9651644.htm |관리자       |m   |2024-03-09 |01011112222 |y         |tkdgml0719@icloud.com |y           |14346   |1            |1             |1              |<p>1234</p>
 |y         |null        |2024-03-08 |
|----------|-------------------------------------------------------------|----------------------|-----------------------------------------|----------|----|-----------|------------|----------|----------------------|------------|--------|-------------|--------------|---------------|--------------|----------|------------|-----------|

2024-03-08 01:52:24.123 [http-nio-8080-exec-6] INFO 
				jdbc.resultsettable - 
|----------|-------------------------------------------------------------|----------------------|-----------------------------------------|----------|----|-----------|------------|----------|----------------------|------------|--------|-------------|--------------|---------------|--------------|----------|------------|-----------|
|member_id |passwd                                                       |profile_original_name |profile_uuid                             |member_nm |sex |birth_at   |hp          |smssts_yn |email                 |emailsts_yn |zipcode |road_address |jibun_address |namuji_address |etc           |active_yn |inactive_at |join_at    |
|----------|-------------------------------------------------------------|----------------------|-----------------------------------------|----------|----|-----------|------------|----------|----------------------|------------|--------|-------------|--------------|---------------|--------------|----------|------------|-----------|
|admin1234 |$2a$10$uCdHCSg5mjnelB3LDe5TH.x9l.2jJUK/wPc2wJH2oeEm1JzetWI9C |boardDetail.htm       |ba7721aa-7096-4094-8111-7fc9f9651644.htm |관리자       |m   |2024-03-09 |01011112222 |y         |tkdgml0719@icloud.com |y           |14346   |1            |1             |1              |<p>1234</p>
 |y         |null        |2024-03-08 |
|----------|-------------------------------------------------------------|----------------------|-----------------------------------------|----------|----|-----------|------------|----------|----------------------|------------|--------|-------------|--------------|---------------|--------------|----------|------------|-----------|

2024-03-08 14:05:02.891 [http-nio-8080-exec-6] INFO 
				jdbc.resultsettable - 
|-------------------------------------------------------------|----------|
|passwd                                                       |active_yn |
|-------------------------------------------------------------|----------|
|$2a$10$uCdHCSg5mjnelB3LDe5TH.x9l.2jJUK/wPc2wJH2oeEm1JzetWI9C |y         |
|-------------------------------------------------------------|----------|

2024-03-08 17:07:01.815 [http-nio-8080-exec-8] INFO 
				jdbc.resultsettable - 
|----------|
|member_id |
|----------|
|----------|

2024-03-08 17:28:17.592 [http-nio-8080-exec-6] INFO 
				jdbc.resultsettable - 
|----------|
|member_id |
|----------|
|tkdgml    |
|----------|

2024-03-08 17:28:18.052 [http-nio-8080-exec-5] INFO 
				jdbc.resultsettable - 
|----------|
|member_id |
|----------|
|tkdgml    |
|----------|

2024-03-08 17:28:24.206 [http-nio-8080-exec-7] INFO 
				jdbc.resultsettable - 
|----------|
|member_id |
|----------|
|----------|

2024-03-08 17:28:38.710 [http-nio-8080-exec-8] INFO 
				jdbc.resultsettable - 
|----------|
|member_id |
|----------|
|----------|

