2024-03-07 00:04:18.455 [scheduling-1] INFO 
				jdbc.resultsettable - 
|-----------------|
|count(member_id) |
|-----------------|
|0                |
|-----------------|

2024-03-07 00:04:18.464 [scheduling-1] INFO 
				jdbc.resultsettable - 
|----------|-------------|
|member_id |profile_uuid |
|----------|-------------|
|----------|-------------|

2024-03-07 13:13:01.156 [http-nio-8080-exec-5] INFO 
				jdbc.resultsettable - 
|-------------------------------------------------------------|----------|
|passwd                                                       |active_yn |
|-------------------------------------------------------------|----------|
|$2a$10$91gzZeXyeIPBopdLT0V35u5rmgxtfXeuXOyhsPKWtg5mqh5S2TmE. |y         |
|-------------------------------------------------------------|----------|

2024-03-07 13:13:06.443 [http-nio-8080-exec-2] INFO 
				jdbc.resultsettable - 
|-------------------------------------------------------------|----------|
|passwd                                                       |active_yn |
|-------------------------------------------------------------|----------|
|$2a$10$91gzZeXyeIPBopdLT0V35u5rmgxtfXeuXOyhsPKWtg5mqh5S2TmE. |y         |
|-------------------------------------------------------------|----------|

2024-03-07 13:30:09.766 [http-nio-8080-exec-8] INFO 
				jdbc.resultsettable - 
|-------------------------------------------------------------|----------|
|passwd                                                       |active_yn |
|-------------------------------------------------------------|----------|
|$2a$10$91gzZeXyeIPBopdLT0V35u5rmgxtfXeuXOyhsPKWtg5mqh5S2TmE. |n         |
|-------------------------------------------------------------|----------|

2024-03-07 13:30:15.566 [http-nio-8080-exec-5] INFO 
				jdbc.resultsettable - 
|----------|
|member_id |
|----------|
|tkdgml    |
|----------|

2024-03-07 13:30:21.444 [http-nio-8080-exec-9] INFO 
				jdbc.resultsettable - 
|-------------------------------------------------------------|----------|
|passwd                                                       |active_yn |
|-------------------------------------------------------------|----------|
|$2a$10$91gzZeXyeIPBopdLT0V35u5rmgxtfXeuXOyhsPKWtg5mqh5S2TmE. |n         |
|-------------------------------------------------------------|----------|

2024-03-07 13:30:24.785 [http-nio-8080-exec-6] INFO 
				jdbc.resultsettable - 
|-------------------------------------------------------------|----------|
|passwd                                                       |active_yn |
|-------------------------------------------------------------|----------|
|$2a$10$91gzZeXyeIPBopdLT0V35u5rmgxtfXeuXOyhsPKWtg5mqh5S2TmE. |n         |
|-------------------------------------------------------------|----------|

2024-03-07 13:30:26.398 [http-nio-8080-exec-10] INFO 
				jdbc.resultsettable - 
|-------------------------------------------------------------|----------|
|passwd                                                       |active_yn |
|-------------------------------------------------------------|----------|
|$2a$10$91gzZeXyeIPBopdLT0V35u5rmgxtfXeuXOyhsPKWtg5mqh5S2TmE. |n         |
|-------------------------------------------------------------|----------|

2024-03-07 13:30:33.712 [http-nio-8080-exec-8] INFO 
				jdbc.resultsettable - 
|----------|
|member_id |
|----------|
|----------|

2024-03-07 13:31:09.182 [http-nio-8080-exec-6] INFO 
				jdbc.resultsettable - 
|-------------------------------------------------------------|----------|
|passwd                                                       |active_yn |
|-------------------------------------------------------------|----------|
|$2a$10$rcMHyzpzpfs8ANsYxZGgbOIEahsz.gY96zjPafYfMQvodCxpGXkQS |y         |
|-------------------------------------------------------------|----------|

2024-03-07 21:57:56.696 [http-nio-8080-exec-1] INFO 
				jdbc.resultsettable - 
|-------------------------------------------------------------|----------|
|passwd                                                       |active_yn |
|-------------------------------------------------------------|----------|
|$2a$10$rcMHyzpzpfs8ANsYxZGgbOIEahsz.gY96zjPafYfMQvodCxpGXkQS |y         |
|-------------------------------------------------------------|----------|

2024-03-07 22:02:00.049 [scheduling-1] INFO 
				jdbc.resultsettable - 
|-----------------|
|count(member_id) |
|-----------------|
|1                |
|-----------------|

2024-03-07 22:13:06.637 [http-nio-8080-exec-3] INFO 
				jdbc.resultsettable - 
|-------------------------------------------------------------|----------|
|passwd                                                       |active_yn |
|-------------------------------------------------------------|----------|
|$2a$10$91gzZeXyeIPBopdLT0V35u5rmgxtfXeuXOyhsPKWtg5mqh5S2TmE. |n         |
|-------------------------------------------------------------|----------|

2024-03-07 22:13:17.602 [http-nio-8080-exec-10] INFO 
				jdbc.resultsettable - 
|----------|
|member_id |
|----------|
|jenny     |
|----------|

2024-03-07 22:13:30.404 [http-nio-8080-exec-2] INFO 
				jdbc.resultsettable - 
|-------------------------------------------------------------|----------|
|passwd                                                       |active_yn |
|-------------------------------------------------------------|----------|
|$2a$10$91gzZeXyeIPBopdLT0V35u5rmgxtfXeuXOyhsPKWtg5mqh5S2TmE. |n         |
|-------------------------------------------------------------|----------|

2024-03-07 22:13:33.785 [http-nio-8080-exec-3] INFO 
				jdbc.resultsettable - 
|-------------------------------------------------------------|----------|
|passwd                                                       |active_yn |
|-------------------------------------------------------------|----------|
|$2a$10$91gzZeXyeIPBopdLT0V35u5rmgxtfXeuXOyhsPKWtg5mqh5S2TmE. |n         |
|-------------------------------------------------------------|----------|

2024-03-07 22:13:34.756 [http-nio-8080-exec-4] INFO 
				jdbc.resultsettable - 
|-------------------------------------------------------------|----------|
|passwd                                                       |active_yn |
|-------------------------------------------------------------|----------|
|$2a$10$91gzZeXyeIPBopdLT0V35u5rmgxtfXeuXOyhsPKWtg5mqh5S2TmE. |n         |
|-------------------------------------------------------------|----------|

2024-03-07 22:13:35.243 [http-nio-8080-exec-5] INFO 
				jdbc.resultsettable - 
|-------------------------------------------------------------|----------|
|passwd                                                       |active_yn |
|-------------------------------------------------------------|----------|
|$2a$10$91gzZeXyeIPBopdLT0V35u5rmgxtfXeuXOyhsPKWtg5mqh5S2TmE. |n         |
|-------------------------------------------------------------|----------|

2024-03-07 22:13:35.425 [http-nio-8080-exec-7] INFO 
				jdbc.resultsettable - 
|-------------------------------------------------------------|----------|
|passwd                                                       |active_yn |
|-------------------------------------------------------------|----------|
|$2a$10$91gzZeXyeIPBopdLT0V35u5rmgxtfXeuXOyhsPKWtg5mqh5S2TmE. |n         |
|-------------------------------------------------------------|----------|

2024-03-07 22:13:35.586 [http-nio-8080-exec-6] INFO 
				jdbc.resultsettable - 
|-------------------------------------------------------------|----------|
|passwd                                                       |active_yn |
|-------------------------------------------------------------|----------|
|$2a$10$91gzZeXyeIPBopdLT0V35u5rmgxtfXeuXOyhsPKWtg5mqh5S2TmE. |n         |
|-------------------------------------------------------------|----------|

2024-03-07 22:14:36.366 [http-nio-8080-exec-5] INFO 
				jdbc.resultsettable - 
|----------|
|member_id |
|----------|
|----------|

2024-03-07 22:15:07.338 [http-nio-8080-exec-8] INFO 
				jdbc.resultsettable - 
|-------------------------------------------------------------|----------|
|passwd                                                       |active_yn |
|-------------------------------------------------------------|----------|
|$2a$10$NiRvTrsU2FRThKb/2M3HguE8q.nDpBnWS90qZ7S7E/ZjYWdXH.m.2 |y         |
|-------------------------------------------------------------|----------|

2024-03-07 22:17:00.015 [scheduling-1] INFO 
				jdbc.resultsettable - 
|-----------------|
|count(member_id) |
|-----------------|
|0                |
|-----------------|

2024-03-07 22:20:00.012 [scheduling-1] INFO 
				jdbc.resultsettable - 
|-----------------|
|count(member_id) |
|-----------------|
|2                |
|-----------------|

2024-03-07 22:33:09.913 [http-nio-8080-exec-6] INFO 
				jdbc.resultsettable - 
|----------|
|member_id |
|----------|
|----------|

2024-03-07 22:34:00.026 [scheduling-1] INFO 
				jdbc.resultsettable - 
|-----------------|
|count(member_id) |
|-----------------|
|3                |
|-----------------|

2024-03-07 22:46:00.014 [scheduling-1] INFO 
				jdbc.resultsettable - 
|----------|-------------|
|member_id |profile_uuid |
|----------|-------------|
|----------|-------------|

2024-03-07 23:13:00.014 [scheduling-1] INFO 
				jdbc.resultsettable - 
|----------|-------------|
|member_id |profile_uuid |
|----------|-------------|
|----------|-------------|

2024-03-07 23:14:23.768 [http-nio-8080-exec-3] INFO 
				jdbc.resultsettable - 
|-------------------------------------------------------------|----------|
|passwd                                                       |active_yn |
|-------------------------------------------------------------|----------|
|$2a$10$NiRvTrsU2FRThKb/2M3HguE8q.nDpBnWS90qZ7S7E/ZjYWdXH.m.2 |n         |
|-------------------------------------------------------------|----------|

2024-03-07 23:49:11.309 [http-nio-8080-exec-8] INFO 
				jdbc.resultsettable - 
|----------|
|member_id |
|----------|
|----------|

2024-03-07 23:50:00.036 [scheduling-1] INFO 
				jdbc.resultsettable - 
|----------|-------------|
|member_id |profile_uuid |
|----------|-------------|
|----------|-------------|

2024-03-07 23:53:53.330 [http-nio-8080-exec-9] INFO 
				jdbc.resultsettable - 
|----------|
|member_id |
|----------|
|----------|

2024-03-07 23:56:35.211 [http-nio-8080-exec-7] INFO 
				jdbc.resultsettable - 
|----------|
|member_id |
|----------|
|----------|

2024-03-07 23:56:35.520 [http-nio-8080-exec-4] INFO 
				jdbc.resultsettable - 
|----------|
|member_id |
|----------|
|----------|

2024-03-07 23:56:52.624 [http-nio-8080-exec-3] INFO 
				jdbc.resultsettable - 
|----------|
|member_id |
|----------|
|tkdgml    |
|----------|

2024-03-07 23:56:57.909 [http-nio-8080-exec-10] INFO 
				jdbc.resultsettable - 
|----------|
|member_id |
|----------|
|----------|

2024-03-07 23:59:59.038 [scheduling-1] INFO 
				jdbc.resultsettable - 
|-----------------|
|count(member_id) |
|-----------------|
|0                |
|-----------------|

